app/build/outputs/logs/manifest-merger-debug-report.txt
-- Merging decision tree log ---
manifest
ADDED from src/main/AndroidManifest.xml:1:1-89:12
	xmlns:android
		ADDED from src/main/AndroidManifest.xml:1:11-69
	package
		ADDED from src/main/AndroidManifest.xml:2:5-43
		INJECTED from src/main/AndroidManifest.xml
		INJECTED from src/main/AndroidManifest.xml
	android:versionName
		ADDED from src/main/AndroidManifest.xml:4:5-32
		INJECTED from src/main/AndroidManifest.xml
		INJECTED from src/main/AndroidManifest.xml
	android:versionCode
		ADDED from src/main/AndroidManifest.xml:3:5-28
		INJECTED from src/main/AndroidManifest.xml
		INJECTED from src/main/AndroidManifest.xml
uses-sdk
ADDED from src/main/AndroidManifest.xml:6:5-9:41
MERGED from [com.android.support:support-v4:23.0.1] AndroidManifest.xml:20:5-43
	android:targetSdkVersion
		ADDED from src/main/AndroidManifest.xml:9:9-38
		INJECTED from src/main/AndroidManifest.xml
		INJECTED from src/main/AndroidManifest.xml
	android:minSdkVersion
		ADDED from src/main/AndroidManifest.xml:7:9-35
		INJECTED from src/main/AndroidManifest.xml
		INJECTED from src/main/AndroidManifest.xml
	android:maxSdkVersion
		ADDED from src/main/AndroidManifest.xml:8:9-35
uses-permission#android.permission.DISABLE_KEYGUARD
ADDED from src/main/AndroidManifest.xml:11:5-75
	android:name
		ADDED from src/main/AndroidManifest.xml:11:22-72
uses-permission#android.permission.SYSTEM_ALERT_WINDOW
ADDED from src/main/AndroidManifest.xml:12:5-78
	android:name
		ADDED from src/main/AndroidManifest.xml:12:22-75
uses-permission#android.permission.RECEIVE_BOOT_COMPLETED
ADDED from src/main/AndroidManifest.xml:13:5-81
	android:name
		ADDED from src/main/AndroidManifest.xml:13:22-78
uses-permission#android.permission.RESTART_PACKAGES
ADDED from src/main/AndroidManifest.xml:14:5-75
	android:name
		ADDED from src/main/AndroidManifest.xml:14:22-72
uses-permission#android.permission.VIBRATE
ADDED from src/main/AndroidManifest.xml:15:5-66
	android:name
		ADDED from src/main/AndroidManifest.xml:15:22-63
uses-permission#android.permission.INTERNET
ADDED from src/main/AndroidManifest.xml:16:5-67
	android:name
		ADDED from src/main/AndroidManifest.xml:16:22-64
uses-permission#android.permission.READ_LOGS
ADDED from src/main/AndroidManifest.xml:17:5-68
	android:name
		ADDED from src/main/AndroidManifest.xml:17:22-65
uses-permission#android.permission.WRITE_EXTERNAL_STORAGE
ADDED from src/main/AndroidManifest.xml:18:5-81
	android:name
		ADDED from src/main/AndroidManifest.xml:18:22-78
uses-permission#android.permission.WAKE_LOCK
ADDED from src/main/AndroidManifest.xml:19:5-68
	android:name
		ADDED from src/main/AndroidManifest.xml:19:22-65
user-permission
ADDED from src/main/AndroidManifest.xml:21:5-71
	android:name
		ADDED from src/main/AndroidManifest.xml:21:22-68
uses-permission#android.permission.ACCESS_SUPERUSER
ADDED from src/main/AndroidManifest.xml:22:5-75
	android:name
		ADDED from src/main/AndroidManifest.xml:22:22-72
application
ADDED from src/main/AndroidManifest.xml:24:5-88:19
MERGED from [com.android.support:support-v4:23.0.1] AndroidManifest.xml:22:5-20
	android:label
		ADDED from src/main/AndroidManifest.xml:27:9-41
	android:icon
		ADDED from src/main/AndroidManifest.xml:26:9-45
	android:theme
		ADDED from src/main/AndroidManifest.xml:28:9-40
	android:name
		ADDED from src/main/AndroidManifest.xml:25:9-50
activity#com.leon.assistivetouch.main.MainActivity
ADDED from src/main/AndroidManifest.xml:29:9-38:20
	android:screenOrientation
		ADDED from src/main/AndroidManifest.xml:32:13-49
	android:label
		ADDED from src/main/AndroidManifest.xml:31:13-56
	android:name
		ADDED from src/main/AndroidManifest.xml:30:13-41
intent-filter#android.intent.action.MAIN+android.intent.category.LAUNCHER
ADDED from src/main/AndroidManifest.xml:33:13-37:29
action#android.intent.action.MAIN
ADDED from src/main/AndroidManifest.xml:34:17-69
	android:name
		ADDED from src/main/AndroidManifest.xml:34:25-66
category#android.intent.category.LAUNCHER
ADDED from src/main/AndroidManifest.xml:35:17-76
	android:name
		ADDED from src/main/AndroidManifest.xml:35:27-74
activity#com.leon.assistivetouch.main.SettingsTouchDotActivity
ADDED from src/main/AndroidManifest.xml:39:9-42:51
	android:windowSoftInputMode
		ADDED from src/main/AndroidManifest.xml:41:13-67
	android:screenOrientation
		ADDED from src/main/AndroidManifest.xml:42:13-49
	android:name
		ADDED from src/main/AndroidManifest.xml:40:13-53
activity#com.leon.assistivetouch.main.SettingsTouchPanelActivity
ADDED from src/main/AndroidManifest.xml:43:9-46:51
	android:windowSoftInputMode
		ADDED from src/main/AndroidManifest.xml:45:13-67
	android:screenOrientation
		ADDED from src/main/AndroidManifest.xml:46:13-49
	android:name
		ADDED from src/main/AndroidManifest.xml:44:13-55
activity#com.leon.assistivetouch.main.PickUpAppActivity
ADDED from src/main/AndroidManifest.xml:47:9-54
	android:name
		ADDED from src/main/AndroidManifest.xml:47:19-52
activity#com.leon.assistivetouch.main.PickUpKeyActivity
ADDED from src/main/AndroidManifest.xml:48:9-54
	android:name
		ADDED from src/main/AndroidManifest.xml:48:19-52
activity#com.leon.assistivetouch.main.AuxiliaryActivity
ADDED from src/main/AndroidManifest.xml:49:9-54
	android:name
		ADDED from src/main/AndroidManifest.xml:49:19-52
service#com.leon.assistivetouch.main.AssistiveTouchService
ADDED from src/main/AndroidManifest.xml:51:9-64:19
	android:label
		ADDED from src/main/AndroidManifest.xml:54:13-49
	android:exported
		ADDED from src/main/AndroidManifest.xml:53:13-37
	android:name
		ADDED from src/main/AndroidManifest.xml:52:13-50
intent-filter#com.leon.assistivetouch.assistive_start_action
ADDED from src/main/AndroidManifest.xml:55:13-57:29
	android:priority
		ADDED from src/main/AndroidManifest.xml:55:28-51
action#com.leon.assistivetouch.assistive_start_action
ADDED from src/main/AndroidManifest.xml:56:17-88
	android:name
		ADDED from src/main/AndroidManifest.xml:56:25-86
intent-filter#com.leon.assistivetouch.assistive_stop_action
ADDED from src/main/AndroidManifest.xml:58:13-60:29
	android:priority
		ADDED from src/main/AndroidManifest.xml:58:28-51
action#com.leon.assistivetouch.assistive_stop_action
ADDED from src/main/AndroidManifest.xml:59:17-87
	android:name
		ADDED from src/main/AndroidManifest.xml:59:25-85
intent-filter#com.leon.assistivetouch.assistive_notify_action
ADDED from src/main/AndroidManifest.xml:61:13-63:29
action#com.leon.assistivetouch.assistive_notify_action
ADDED from src/main/AndroidManifest.xml:62:17-90
	android:name
		ADDED from src/main/AndroidManifest.xml:62:25-87
receiver#com.leon.assistivetouch.main.CheckUpdateReceiver
ADDED from src/main/AndroidManifest.xml:66:9-56
	android:name
		ADDED from src/main/AndroidManifest.xml:66:19-54
receiver#com.leon.assistivetouch.main.BootReceiver
ADDED from src/main/AndroidManifest.xml:67:9-74:20
	android:name
		ADDED from src/main/AndroidManifest.xml:67:19-47
intent-filter#android.intent.action.BOOT_COMPLETED
ADDED from src/main/AndroidManifest.xml:68:13-70:29
	android:priority
		ADDED from src/main/AndroidManifest.xml:68:28-51
action#android.intent.action.BOOT_COMPLETED
ADDED from src/main/AndroidManifest.xml:69:17-79
	android:name
		ADDED from src/main/AndroidManifest.xml:69:25-76
intent-filter#android.intent.action.PACKAGE_RESTARTED
ADDED from src/main/AndroidManifest.xml:71:13-73:29
	android:priority
		ADDED from src/main/AndroidManifest.xml:71:28-51
action#android.intent.action.PACKAGE_RESTARTED
ADDED from src/main/AndroidManifest.xml:72:17-82
	android:name
		ADDED from src/main/AndroidManifest.xml:72:25-79
receiver#com.leon.assistivetouch.main.ui.LockReceiver
ADDED from src/main/AndroidManifest.xml:75:9-86:20
	android:label
		ADDED from src/main/AndroidManifest.xml:78:13-45
	android:description
		ADDED from src/main/AndroidManifest.xml:77:13-51
	android:permission
		ADDED from src/main/AndroidManifest.xml:79:13-70
	android:name
		ADDED from src/main/AndroidManifest.xml:76:13-44
meta-data#android.app.device_admin
ADDED from src/main/AndroidManifest.xml:80:13-82:48
	android:resource
		ADDED from src/main/AndroidManifest.xml:82:17-45
	android:name
		ADDED from src/main/AndroidManifest.xml:81:17-56
intent-filter#android.app.action.DEVICE_ADMIN_ENABLED
ADDED from src/main/AndroidManifest.xml:83:13-85:29
action#android.app.action.DEVICE_ADMIN_ENABLED
ADDED from src/main/AndroidManifest.xml:84:17-82
	android:name
		ADDED from src/main/AndroidManifest.xml:84:25-79